[debug] [2022-02-06T18:19:15.314Z] ----------------------------------------------------------------------
[debug] [2022-02-06T18:19:15.317Z] Command:       C:\Program Files\nodejs\node.exe C:\Users\josep\AppData\Roaming\npm\node_modules\firebase-tools\lib\bin\firebase.js functions:shell
[debug] [2022-02-06T18:19:15.318Z] CLI Version:   10.1.4
[debug] [2022-02-06T18:19:15.318Z] Platform:      win32
[debug] [2022-02-06T18:19:15.318Z] Node Version:  v16.13.1
[debug] [2022-02-06T18:19:15.319Z] Time:          Sun Feb 06 2022 18:19:15 GMT+0000 (heure moyenne de Greenwich)
[debug] [2022-02-06T18:19:15.319Z] ----------------------------------------------------------------------
[debug] 
[debug] [2022-02-06T18:19:15.475Z] > command requires scopes: ["email","openid","https://www.googleapis.com/auth/cloudplatformprojects.readonly","https://www.googleapis.com/auth/firebase","https://www.googleapis.com/auth/cloud-platform"]
[debug] [2022-02-06T18:19:15.475Z] > authorizing via signed-in user (zozozozeph@gmail.com)
[debug] [2022-02-06T18:19:15.476Z] [iam] checking project cloudfunction-7e88c for permissions ["firebase.projects.get"]
[debug] [2022-02-06T18:19:15.478Z] > refreshing access token with scopes: []
[debug] [2022-02-06T18:19:15.479Z] >>> HTTP REQUEST POST https://www.googleapis.com/oauth2/v3/token  
 <request body omitted>
[debug] [2022-02-06T18:19:16.182Z] <<< HTTP RESPONSE 200 {"date":"Sun, 06 Feb 2022 18:19:15 GMT","cache-control":"no-cache, no-store, max-age=0, must-revalidate","expires":"Mon, 01 Jan 1990 00:00:00 GMT","pragma":"no-cache","content-type":"application/json; charset=utf-8","vary":"X-Origin, Referer, Origin,Accept-Encoding","server":"scaffolding on HTTPServer2","x-xss-protection":"0","x-frame-options":"SAMEORIGIN","x-content-type-options":"nosniff","alt-svc":"h3=\":443\"; ma=2592000,h3-29=\":443\"; ma=2592000,h3-Q050=\":443\"; ma=2592000,h3-Q046=\":443\"; ma=2592000,h3-Q043=\":443\"; ma=2592000,quic=\":443\"; ma=2592000; v=\"46,43\"","accept-ranges":"none","transfer-encoding":"chunked"}
[debug] [2022-02-06T18:19:16.260Z] >>> [apiv2][query] POST https://cloudresourcemanager.googleapis.com/v1/projects/cloudfunction-7e88c:testIamPermissions [none]
[debug] [2022-02-06T18:19:16.261Z] >>> [apiv2][body] POST https://cloudresourcemanager.googleapis.com/v1/projects/cloudfunction-7e88c:testIamPermissions {"permissions":["firebase.projects.get"]}
[debug] [2022-02-06T18:19:18.192Z] <<< [apiv2][status] POST https://cloudresourcemanager.googleapis.com/v1/projects/cloudfunction-7e88c:testIamPermissions 200
[debug] [2022-02-06T18:19:18.193Z] <<< [apiv2][body] POST https://cloudresourcemanager.googleapis.com/v1/projects/cloudfunction-7e88c:testIamPermissions {"permissions":["firebase.projects.get"]}
[debug] [2022-02-06T18:19:18.242Z] [functions] Using node@16 from host.
[debug] [2022-02-06T18:19:18.243Z] defaultcredentials: writing to file C:\Users\josep\AppData\Roaming\firebase\zozozozeph_gmail_com_application_default_credentials.json
[debug] [2022-02-06T18:19:18.245Z] DEBUG: Setting GAC to C:\Users\josep\AppData\Roaming\firebase\zozozozeph_gmail_com_application_default_credentials.json
[debug] [2022-02-06T18:19:18.245Z] >>> [apiv2][query] GET https://firebase.googleapis.com/v1beta1/projects/cloudfunction-7e88c/adminSdkConfig [none]
[debug] [2022-02-06T18:19:19.079Z] <<< [apiv2][status] GET https://firebase.googleapis.com/v1beta1/projects/cloudfunction-7e88c/adminSdkConfig 200
[debug] [2022-02-06T18:19:19.079Z] <<< [apiv2][body] GET https://firebase.googleapis.com/v1beta1/projects/cloudfunction-7e88c/adminSdkConfig {"projectId":"cloudfunction-7e88c","storageBucket":"cloudfunction-7e88c.appspot.com","locationId":"us-central"}
[debug] [2022-02-06T18:19:19.154Z] [functions] Watching "D:\cloud\functions" for Cloud Functions...
[debug] [2022-02-06T18:19:19.169Z] DEBUG: [worker-pool] addWorker(~diagnostic~)
[debug] [2022-02-06T18:19:19.169Z] DEBUG: [worker-pool] Adding worker with key ~diagnostic~, total=1
[debug] [2022-02-06T18:19:19.170Z] DEBUG: [worker-pool] submitWork(triggerId=)
[debug] [2022-02-06T18:19:19.170Z] DEBUG: [worker-~diagnostic~-5b09a478-109d-420b-9080-8d25866dca77]: Assigning socketPath: \\?\pipe\D:\cloud\functions\8840
[debug] [2022-02-06T18:19:19.171Z] DEBUG: [worker-~diagnostic~-5b09a478-109d-420b-9080-8d25866dca77]: BUSY
[debug] [2022-02-06T18:19:19.432Z] DEBUG: [runtime-status] [8840] Functions runtime initialized. {"cwd":"D:\\cloud\\functions","node_version":"16.13.1"}
[debug] [2022-02-06T18:19:19.432Z] DEBUG: [runtime-status] [8840] Disabled runtime features: undefined
[debug] [2022-02-06T18:19:19.436Z] DEBUG: [runtime-status] [8840] Resolved module firebase-admin {"declared":true,"installed":true,"version":"9.12.0","resolution":"D:\\cloud\\functions\\node_modules\\firebase-admin\\lib\\index.js"}
[debug] [2022-02-06T18:19:19.440Z] DEBUG: [runtime-status] [8840] Resolved module firebase-functions {"declared":true,"installed":true,"version":"3.17.1","resolution":"D:\\cloud\\functions\\node_modules\\firebase-functions\\lib\\index.js"}
[debug] [2022-02-06T18:19:19.443Z] DEBUG: [runtime-status] [8840] Outgoing network have been stubbed. [{"name":"http","status":"mocked"},{"name":"http","status":"mocked"},{"name":"https","status":"mocked"},{"name":"https","status":"mocked"},{"name":"net","status":"mocked"}]
[debug] [2022-02-06T18:19:19.445Z] DEBUG: [runtime-status] [8840] Resolved module firebase-functions {"declared":true,"installed":true,"version":"3.17.1","resolution":"D:\\cloud\\functions\\node_modules\\firebase-functions\\lib\\index.js"}
[debug] [2022-02-06T18:19:19.739Z] DEBUG: [runtime-status] [8840] Checked functions.config() {"config":{}}
[debug] [2022-02-06T18:19:19.740Z] DEBUG: [runtime-status] [8840] firebase-functions has been stubbed. {"functionsResolution":{"declared":true,"installed":true,"version":"3.17.1","resolution":"D:\\cloud\\functions\\node_modules\\firebase-functions\\lib\\index.js"}}
[debug] [2022-02-06T18:19:19.740Z] DEBUG: [runtime-status] [8840] Resolved module firebase-functions {"declared":true,"installed":true,"version":"3.17.1","resolution":"D:\\cloud\\functions\\node_modules\\firebase-functions\\lib\\index.js"}
[debug] [2022-02-06T18:19:19.742Z] DEBUG: [runtime-status] [8840] Resolved module firebase-admin {"declared":true,"installed":true,"version":"9.12.0","resolution":"D:\\cloud\\functions\\node_modules\\firebase-admin\\lib\\index.js"}
[debug] [2022-02-06T18:19:19.743Z] DEBUG: [runtime-status] [8840] Resolved module firebase-functions {"declared":true,"installed":true,"version":"3.17.1","resolution":"D:\\cloud\\functions\\node_modules\\firebase-functions\\lib\\index.js"}
[debug] [2022-02-06T18:19:19.743Z] DEBUG: [runtime-status] [8840] firebase-admin has been stubbed. {"adminResolution":{"declared":true,"installed":true,"version":"9.12.0","resolution":"D:\\cloud\\functions\\node_modules\\firebase-admin\\lib\\index.js"}}
[debug] [2022-02-06T18:19:20.364Z] DEBUG: [runtime-status] [8840] initializeApp(DEFAULT) {"storageBucket":"cloudfunction-7e88c.appspot.com","projectId":"cloudfunction-7e88c"}
[warn] !  functions: The Cloud Firestore emulator is not running, so calls to Firestore will affect production. {"metadata":{"emulator":{"name":"functions"},"message":"The Cloud Firestore emulator is not running, so calls to Firestore will affect production."}}
[debug] [2022-02-06T18:19:20.621Z] [functions[us-central1-api]] http function initialized (http://localhost:5000/cloudfunction-7e88c/us-central1/api).
[debug] [2022-02-06T18:19:20.622Z] addAuthTrigger {"eventTrigger":{"resource":"projects/cloudfunction-7e88c","eventType":"providers/firebase.auth/eventTypes/user.create","service":"firebaseauth.googleapis.com"}}
[debug] [2022-02-06T18:19:20.622Z] [functions[us-central1-createUserRecord]] auth function initialized.
[info] i  functions: Loaded functions: api, createUserRecord 
[warn] !  functions: The following emulators are not running, calls to these services will affect production: firestore, database, pubsub, storage 
[debug] [2022-02-06T18:19:20.639Z] DEBUG: [worker-~diagnostic~-5b09a478-109d-420b-9080-8d25866dca77]: IDLE
[debug] [2022-02-06T18:22:08.634Z] shell:createUserRecord: trigger={"eventTrigger":{"resource":"projects/cloudfunction-7e88c","eventType":"providers/firebase.auth/eventTypes/user.create","service":"firebaseauth.googleapis.com"},"name":"createUserRecord","entryPoint":"createUserRecord","regions":["us-central1"],"region":"us-central1","id":"us-central1-createUserRecord","platform":"gcfv1"}
[debug] [2022-02-06T18:22:08.634Z] shell:createUserRecord: opts={}, data={"uid":"foo"}
[debug] [2022-02-06T18:22:08.644Z] DEBUG: [worker-pool] addWorker(us-central1-createUserRecord)
[debug] [2022-02-06T18:22:08.645Z] DEBUG: [worker-pool] Adding worker with key us-central1-createUserRecord, total=1
[debug] [2022-02-06T18:22:08.645Z] DEBUG: [worker-pool] submitWork(triggerId=us-central1-createUserRecord)
[debug] [2022-02-06T18:22:08.645Z] DEBUG: [worker-us-central1-createUserRecord-e1d1eac4-8ea0-447c-ba13-b6042e902430]: Assigning socketPath: \\?\pipe\D:\cloud\functions\12852
[debug] [2022-02-06T18:22:08.645Z] DEBUG: [worker-us-central1-createUserRecord-e1d1eac4-8ea0-447c-ba13-b6042e902430]: BUSY
[debug] [2022-02-06T18:22:09.036Z] DEBUG: [runtime-status] [12852] Functions runtime initialized. {"cwd":"D:\\cloud\\functions","node_version":"16.13.1"}
[debug] [2022-02-06T18:22:09.038Z] DEBUG: [runtime-status] [12852] Disabled runtime features: undefined
[debug] [2022-02-06T18:22:09.042Z] DEBUG: [runtime-status] [12852] Resolved module firebase-admin {"declared":true,"installed":true,"version":"9.12.0","resolution":"D:\\cloud\\functions\\node_modules\\firebase-admin\\lib\\index.js"}
[debug] [2022-02-06T18:22:09.046Z] DEBUG: [runtime-status] [12852] Resolved module firebase-functions {"declared":true,"installed":true,"version":"3.17.1","resolution":"D:\\cloud\\functions\\node_modules\\firebase-functions\\lib\\index.js"}
[debug] [2022-02-06T18:22:09.048Z] DEBUG: [runtime-status] [12852] Outgoing network have been stubbed. [{"name":"http","status":"mocked"},{"name":"http","status":"mocked"},{"name":"https","status":"mocked"},{"name":"https","status":"mocked"},{"name":"net","status":"mocked"}]
[debug] [2022-02-06T18:22:09.050Z] DEBUG: [runtime-status] [12852] Resolved module firebase-functions {"declared":true,"installed":true,"version":"3.17.1","resolution":"D:\\cloud\\functions\\node_modules\\firebase-functions\\lib\\index.js"}
[debug] [2022-02-06T18:22:09.116Z] DEBUG: [runtime-status] [12852] Checked functions.config() {"config":{}}
[debug] [2022-02-06T18:22:09.116Z] DEBUG: [runtime-status] [12852] firebase-functions has been stubbed. {"functionsResolution":{"declared":true,"installed":true,"version":"3.17.1","resolution":"D:\\cloud\\functions\\node_modules\\firebase-functions\\lib\\index.js"}}
[debug] [2022-02-06T18:22:09.117Z] DEBUG: [runtime-status] [12852] Resolved module firebase-functions {"declared":true,"installed":true,"version":"3.17.1","resolution":"D:\\cloud\\functions\\node_modules\\firebase-functions\\lib\\index.js"}
[debug] [2022-02-06T18:22:09.119Z] DEBUG: [runtime-status] [12852] Resolved module firebase-admin {"declared":true,"installed":true,"version":"9.12.0","resolution":"D:\\cloud\\functions\\node_modules\\firebase-admin\\lib\\index.js"}
[debug] [2022-02-06T18:22:09.120Z] DEBUG: [runtime-status] [12852] Resolved module firebase-functions {"declared":true,"installed":true,"version":"3.17.1","resolution":"D:\\cloud\\functions\\node_modules\\firebase-functions\\lib\\index.js"}
[debug] [2022-02-06T18:22:09.121Z] DEBUG: [runtime-status] [12852] firebase-admin has been stubbed. {"adminResolution":{"declared":true,"installed":true,"version":"9.12.0","resolution":"D:\\cloud\\functions\\node_modules\\firebase-admin\\lib\\index.js"}}
[debug] [2022-02-06T18:22:09.245Z] DEBUG: [runtime-status] [12852] initializeApp(DEFAULT) {"storageBucket":"cloudfunction-7e88c.appspot.com","projectId":"cloudfunction-7e88c"}
[debug] [2022-02-06T18:22:09.281Z] DEBUG: [runtime-status] [12852] Trigger "us-central1-createUserRecord" has been found, beginning invocation!
[debug] [2022-02-06T18:22:09.281Z] [functions] Beginning execution of "us-central1-createUserRecord"
[debug] [2022-02-06T18:22:09.282Z] DEBUG: [runtime-status] [12852] triggerDefinition {"eventTrigger":{"resource":"projects/cloudfunction-7e88c","eventType":"providers/firebase.auth/eventTypes/user.create","service":"firebaseauth.googleapis.com"},"name":"createUserRecord","entryPoint":"createUserRecord","regions":["us-central1"],"region":"us-central1","id":"us-central1-createUserRecord","platform":"gcfv1"}
[debug] [2022-02-06T18:22:09.282Z] DEBUG: [runtime-status] [12852] Running us-central1-createUserRecord in signature event
[debug] [2022-02-06T18:22:09.282Z] DEBUG: [runtime-status] [12852] ProcessBackground {"eventId":"5f4641b2-c6f1-4226-a023-1d8508b5db04","timestamp":"2022-02-06T18:22:08.635Z","eventType":"providers/firebase.auth/eventTypes/user.create","data":{"uid":"foo"}}
[debug] [2022-02-06T18:22:09.283Z] DEBUG: [runtime-status] [12852] RunBackground {"data":{"uid":"foo"},"context":{"eventId":"5f4641b2-c6f1-4226-a023-1d8508b5db04","timestamp":"2022-02-06T18:22:08.635Z","eventType":"providers/firebase.auth/eventTypes/user.create"}}
[warn] !  Google API requested!
   - URL: "https://oauth2.googleapis.com/token"
   - Be careful, this may be a production service. {"metadata":{"emulator":{"name":"functions"},"function":{"name":"us-central1-createUserRecord"},"message":"Google API requested!\n   - URL: \"https://oauth2.googleapis.com/token\"\n   - Be careful, this may be a production service."}}
[debug] [2022-02-06T18:22:15.740Z] DEBUG: [runtime-status] [12852] Ephemeral server survived.
[debug] [2022-02-06T18:22:15.740Z] [functions] Finished "us-central1-createUserRecord" in ~4s
[debug] [2022-02-06T18:22:15.740Z] DEBUG: [worker-us-central1-createUserRecord-e1d1eac4-8ea0-447c-ba13-b6042e902430]: IDLE
